<?xml version="1.0" encoding="UTF-8"?>
<testsuite name="com.training.springcore.service.CaptorServiceImplTest" tests="2" skipped="0" failures="0" errors="0" timestamp="2019-06-05T08:39:49" hostname="DESKTOP-ST313F1" time="0.084">
  <properties/>
  <testcase name="findBySite" classname="com.training.springcore.service.CaptorServiceImplTest" time="0.083"/>
  <testcase name="findBySiteShouldReturnNullWhenIdIsNull" classname="com.training.springcore.service.CaptorServiceImplTest" time="0.001"/>
  <system-out><![CDATA[]]></system-out>
  <system-err><![CDATA[]]></system-err>
</testsuite>
